<?xml version="1.0" encoding="UTF-8"?>
<robot generator="Robot 3.1.2 (Python 3.7.0 on win32)" generated="20200106 18:54:03.602" rpa="false">
<suite id="s1" name="AllCases" source="C:\aga\git_repo\RobotApiAutomation\AllCases">
<suite id="s1-s1" name="Get Delete" source="C:\aga\git_repo\RobotApiAutomation\AllCases\Get_Delete">
<suite id="s1-s1-s1" name="TC 001 Get Request" source="C:\aga\git_repo\RobotApiAutomation\AllCases\Get_Delete\TC_001_Get_Request.robot">
<test id="s1-s1-s1-t1" name="TC_001_Get_Request">
<kw name="Welcome User" library="UserKeyword" type="setup">
<doc>Executing New Test Case</doc>
<kw name="Log To Console" library="BuiltIn">
<doc>Logs the given message to the console.</doc>
<arguments>
<arg>This ist starting of Test Case</arg>
</arguments>
<status status="PASS" starttime="20200106 18:54:04.254" endtime="20200106 18:54:04.254"></status>
</kw>
<status status="PASS" starttime="20200106 18:54:04.252" endtime="20200106 18:54:04.254"></status>
</kw>
<kw name="Fetch and Validate Get Status Code" library="UserKeyword">
<doc>This keyword is for validating status code of given student</doc>
<arguments>
<arg>151414</arg>
<arg>200</arg>
</arguments>
<kw name="Create Session" library="RequestsLibrary">
<doc>Create Session: create a HTTP session to a server</doc>
<arguments>
<arg>AppAccess</arg>
<arg>${Base_URl}</arg>
</arguments>
<msg timestamp="20200106 18:54:04.257" level="INFO">Creating Session using : alias=AppAccess, url=https://thetestingworldapi.com/, headers={},                     cookies={}, auth=None, timeout=None, proxies=None, verify=False,                     debug=0 </msg>
<status status="PASS" starttime="20200106 18:54:04.257" endtime="20200106 18:54:04.257"></status>
</kw>
<kw name="Get Request" library="RequestsLibrary">
<doc>Send a GET request on the session object found using the
given `alias`</doc>
<arguments>
<arg>AppAccess</arg>
<arg>api/studentsDetails/${studentId}</arg>
</arguments>
<assign>
<var>${response}</var>
</assign>
<msg timestamp="20200106 18:54:04.259" level="INFO">GET Request using : uri=api/studentsDetails/151414, params=None, allow_redirects=True, timeout=None
headers={'User-Agent': 'python-requests/2.22.0', 'Accept-Encoding': 'gzip, deflate', 'Accept': '*/*', 'Connection': 'keep-alive'} 
data=None 
json=None</msg>
<msg timestamp="20200106 18:54:05.019" level="INFO">c:\users\azminkow\appdata\local\programs\python\python37\lib\site-packages\urllib3\connectionpool.py:1004: InsecureRequestWarning: Unverified HTTPS request is being made. Adding certificate verification is strongly advised. See: https://urllib3.readthedocs.io/en/latest/advanced-usage.html#ssl-warnings
  InsecureRequestWarning,</msg>
<msg timestamp="20200106 18:54:05.019" level="INFO">${response} = &lt;Response [200]&gt;</msg>
<status status="PASS" starttime="20200106 18:54:04.259" endtime="20200106 18:54:05.019"></status>
</kw>
<kw name="Convert To String" library="BuiltIn">
<doc>Converts the given item to a Unicode string.</doc>
<arguments>
<arg>${response.status_code}</arg>
</arguments>
<assign>
<var>${actual_code}</var>
</assign>
<msg timestamp="20200106 18:54:05.022" level="INFO">${actual_code} = 200</msg>
<status status="PASS" starttime="20200106 18:54:05.019" endtime="20200106 18:54:05.022"></status>
</kw>
<kw name="Should Be Equal" library="BuiltIn">
<doc>Fails if the given objects are unequal.</doc>
<arguments>
<arg>${actual_code}</arg>
<arg>${expectedStatusCode}</arg>
</arguments>
<status status="PASS" starttime="20200106 18:54:05.022" endtime="20200106 18:54:05.022"></status>
</kw>
<status status="PASS" starttime="20200106 18:54:04.257" endtime="20200106 18:54:05.022"></status>
</kw>
<kw name="Fetch and Return Get Response" library="UserKeyword">
<arguments>
<arg>151414</arg>
</arguments>
<assign>
<var>${response}</var>
</assign>
<kw name="Create Session" library="RequestsLibrary">
<doc>Create Session: create a HTTP session to a server</doc>
<arguments>
<arg>AppAccess</arg>
<arg>${Base_URl}</arg>
</arguments>
<msg timestamp="20200106 18:54:05.024" level="INFO">Creating Session using : alias=AppAccess, url=https://thetestingworldapi.com/, headers={},                     cookies={}, auth=None, timeout=None, proxies=None, verify=False,                     debug=0 </msg>
<status status="PASS" starttime="20200106 18:54:05.024" endtime="20200106 18:54:05.024"></status>
</kw>
<kw name="Get Request" library="RequestsLibrary">
<doc>Send a GET request on the session object found using the
given `alias`</doc>
<arguments>
<arg>AppAccess</arg>
<arg>api/studentsDetails/${studentId}</arg>
</arguments>
<assign>
<var>${response}</var>
</assign>
<msg timestamp="20200106 18:54:05.027" level="INFO">GET Request using : uri=api/studentsDetails/151414, params=None, allow_redirects=True, timeout=None
headers={'User-Agent': 'python-requests/2.22.0', 'Accept-Encoding': 'gzip, deflate', 'Accept': '*/*', 'Connection': 'keep-alive'} 
data=None 
json=None</msg>
<msg timestamp="20200106 18:54:05.762" level="INFO">c:\users\azminkow\appdata\local\programs\python\python37\lib\site-packages\urllib3\connectionpool.py:1004: InsecureRequestWarning: Unverified HTTPS request is being made. Adding certificate verification is strongly advised. See: https://urllib3.readthedocs.io/en/latest/advanced-usage.html#ssl-warnings
  InsecureRequestWarning,</msg>
<msg timestamp="20200106 18:54:05.762" level="INFO">${response} = &lt;Response [200]&gt;</msg>
<status status="PASS" starttime="20200106 18:54:05.027" endtime="20200106 18:54:05.762"></status>
</kw>
<kw name="Return From Keyword" library="BuiltIn">
<doc>Returns from the enclosing user keyword.</doc>
<arguments>
<arg>${response}</arg>
</arguments>
<msg timestamp="20200106 18:54:05.762" level="INFO">Returning from the enclosing user keyword.</msg>
<status status="PASS" starttime="20200106 18:54:05.762" endtime="20200106 18:54:05.762"></status>
</kw>
<msg timestamp="20200106 18:54:05.762" level="INFO">${response} = &lt;Response [200]&gt;</msg>
<status status="PASS" starttime="20200106 18:54:05.024" endtime="20200106 18:54:05.762"></status>
</kw>
<kw name="Log To Console" library="BuiltIn">
<doc>Logs the given message to the console.</doc>
<arguments>
<arg>${response.status_code}</arg>
</arguments>
<status status="PASS" starttime="20200106 18:54:05.764" endtime="20200106 18:54:05.764"></status>
</kw>
<kw name="Log To Console" library="BuiltIn">
<doc>Logs the given message to the console.</doc>
<arguments>
<arg>${response.content}</arg>
</arguments>
<status status="PASS" starttime="20200106 18:54:05.767" endtime="20200106 18:54:05.767"></status>
</kw>
<kw name="End TestCase" library="UserKeyword" type="teardown">
<doc>TestCase Completed</doc>
<kw name="Log To Console" library="BuiltIn">
<doc>Logs the given message to the console.</doc>
<arguments>
<arg>This ist end of Test Case</arg>
</arguments>
<status status="PASS" starttime="20200106 18:54:05.769" endtime="20200106 18:54:05.769"></status>
</kw>
<status status="PASS" starttime="20200106 18:54:05.769" endtime="20200106 18:54:05.769"></status>
</kw>
<tags>
<tag>Sanity</tag>
<tag>Smoke</tag>
</tags>
<timeout value="2 seconds"></timeout>
<status status="PASS" starttime="20200106 18:54:04.252" endtime="20200106 18:54:05.772" critical="yes"></status>
</test>
<doc>This test Case is for Making Ge Request</doc>
<status status="PASS" starttime="20200106 18:54:03.659" endtime="20200106 18:54:05.774"></status>
</suite>
<status status="PASS" starttime="20200106 18:54:03.657" endtime="20200106 18:54:05.777"></status>
</suite>
<status status="PASS" starttime="20200106 18:54:03.607" endtime="20200106 18:54:05.779"></status>
</suite>
<statistics>
<total>
<stat pass="1" fail="0">Critical Tests</stat>
<stat pass="1" fail="0">All Tests</stat>
</total>
<tag>
<stat pass="1" fail="0">Sanity</stat>
<stat pass="1" fail="0">Smoke</stat>
</tag>
<suite>
<stat pass="1" fail="0" id="s1" name="AllCases">AllCases</stat>
<stat pass="1" fail="0" id="s1-s1" name="Get Delete">AllCases.Get Delete</stat>
<stat pass="1" fail="0" id="s1-s1-s1" name="TC 001 Get Request">AllCases.Get Delete.TC 001 Get Request</stat>
</suite>
</statistics>
<errors>
</errors>
</robot>
